2024-10-16 17:46:48,456 - Epoch 1/120, LR: 0.001000, Train Loss: 0.6304, Val Loss: 0.4920, Train mIoU: 33.84%, Val mIoU: 47.83%
2024-10-16 17:46:48,480 - Model saved at epoch 1, with val loss: 0.4920, val mIoU: 47.83%
2024-10-16 17:58:10,465 - Epoch 2/120, LR: 0.001000, Train Loss: 0.3896, Val Loss: 0.3874, Train mIoU: 54.08%, Val mIoU: 56.09%
2024-10-16 17:58:10,487 - Model saved at epoch 2, with val loss: 0.3874, val mIoU: 56.09%
2024-10-16 18:09:10,583 - Epoch 3/120, LR: 0.000998, Train Loss: 0.3385, Val Loss: 0.3261, Train mIoU: 58.82%, Val mIoU: 58.63%
2024-10-16 18:09:10,607 - Model saved at epoch 3, with val loss: 0.3261, val mIoU: 58.63%
2024-10-16 18:20:01,297 - Epoch 4/120, LR: 0.000996, Train Loss: 0.3103, Val Loss: 0.3054, Train mIoU: 61.33%, Val mIoU: 62.75%
2024-10-16 18:20:01,319 - Model saved at epoch 4, with val loss: 0.3054, val mIoU: 62.75%
2024-10-16 18:31:01,714 - Epoch 5/120, LR: 0.000992, Train Loss: 0.2828, Val Loss: 0.2948, Train mIoU: 63.25%, Val mIoU: 63.37%
2024-10-16 18:31:01,735 - Model saved at epoch 5, with val loss: 0.2948, val mIoU: 63.37%
2024-10-16 18:42:26,056 - Epoch 6/120, LR: 0.000988, Train Loss: 0.2737, Val Loss: 0.2701, Train mIoU: 64.18%, Val mIoU: 64.57%
2024-10-16 18:42:26,081 - Model saved at epoch 6, with val loss: 0.2701, val mIoU: 64.57%
2024-10-16 18:53:45,257 - Epoch 7/120, LR: 0.000982, Train Loss: 0.2627, Val Loss: 0.2824, Train mIoU: 64.84%, Val mIoU: 64.43%
2024-10-16 18:53:45,258 - Patience counter: 1/12
2024-10-16 19:04:50,596 - Epoch 8/120, LR: 0.000976, Train Loss: 0.2504, Val Loss: 0.2672, Train mIoU: 66.04%, Val mIoU: 64.13%
2024-10-16 19:04:50,619 - Model saved at epoch 8, with val loss: 0.2672, val mIoU: 64.13%
2024-10-16 19:15:50,937 - Epoch 9/120, LR: 0.000969, Train Loss: 0.2424, Val Loss: 0.2713, Train mIoU: 66.60%, Val mIoU: 64.55%
2024-10-16 19:15:50,938 - Patience counter: 1/12
2024-10-16 19:26:57,529 - Epoch 10/120, LR: 0.000961, Train Loss: 0.2342, Val Loss: 0.2609, Train mIoU: 67.27%, Val mIoU: 65.95%
2024-10-16 19:26:57,561 - Model saved at epoch 10, with val loss: 0.2609, val mIoU: 65.95%
2024-10-16 19:37:46,283 - Epoch 11/120, LR: 0.000952, Train Loss: 0.2258, Val Loss: 0.2482, Train mIoU: 67.94%, Val mIoU: 67.20%
2024-10-16 19:37:46,305 - Model saved at epoch 11, with val loss: 0.2482, val mIoU: 67.20%
2024-10-16 19:48:45,498 - Epoch 12/120, LR: 0.000943, Train Loss: 0.2193, Val Loss: 0.2554, Train mIoU: 68.56%, Val mIoU: 66.42%
2024-10-16 19:48:45,498 - Patience counter: 1/12
2024-10-16 19:59:41,488 - Epoch 13/120, LR: 0.000932, Train Loss: 0.2159, Val Loss: 0.2443, Train mIoU: 68.75%, Val mIoU: 66.66%
2024-10-16 19:59:41,509 - Model saved at epoch 13, with val loss: 0.2443, val mIoU: 66.66%
2024-10-16 20:10:33,541 - Epoch 14/120, LR: 0.000921, Train Loss: 0.2061, Val Loss: 0.2803, Train mIoU: 69.59%, Val mIoU: 65.32%
2024-10-16 20:10:33,541 - Patience counter: 1/12
2024-10-16 20:21:22,110 - Epoch 15/120, LR: 0.000909, Train Loss: 0.2056, Val Loss: 0.2410, Train mIoU: 69.51%, Val mIoU: 67.84%
2024-10-16 20:21:22,132 - Model saved at epoch 15, with val loss: 0.2410, val mIoU: 67.84%
2024-10-16 20:32:45,125 - Epoch 16/120, LR: 0.000897, Train Loss: 0.2015, Val Loss: 0.2323, Train mIoU: 69.98%, Val mIoU: 67.77%
2024-10-16 20:32:45,152 - Model saved at epoch 16, with val loss: 0.2323, val mIoU: 67.77%
2024-10-16 20:44:48,395 - Epoch 17/120, LR: 0.000884, Train Loss: 0.1966, Val Loss: 0.2272, Train mIoU: 70.49%, Val mIoU: 68.75%
2024-10-16 20:44:48,417 - Model saved at epoch 17, with val loss: 0.2272, val mIoU: 68.75%
2024-10-16 20:56:52,414 - Epoch 18/120, LR: 0.000870, Train Loss: 0.1917, Val Loss: 0.2285, Train mIoU: 70.77%, Val mIoU: 68.36%
2024-10-16 20:56:52,415 - Patience counter: 1/12
2024-10-16 21:08:32,793 - Epoch 19/120, LR: 0.000856, Train Loss: 0.1886, Val Loss: 0.2216, Train mIoU: 71.07%, Val mIoU: 69.09%
2024-10-16 21:08:32,824 - Model saved at epoch 19, with val loss: 0.2216, val mIoU: 69.09%
2024-10-16 21:19:40,769 - Epoch 20/120, LR: 0.000842, Train Loss: 0.1829, Val Loss: 0.2244, Train mIoU: 71.51%, Val mIoU: 69.17%
2024-10-16 21:19:40,770 - Patience counter: 1/12
2024-10-16 21:30:36,259 - Epoch 21/120, LR: 0.000827, Train Loss: 0.1831, Val Loss: 0.2294, Train mIoU: 71.44%, Val mIoU: 68.62%
2024-10-16 21:30:36,260 - Patience counter: 2/12
2024-10-16 21:41:30,656 - Epoch 22/120, LR: 0.000812, Train Loss: 0.1767, Val Loss: 0.2146, Train mIoU: 71.92%, Val mIoU: 69.35%
2024-10-16 21:41:30,676 - Model saved at epoch 22, with val loss: 0.2146, val mIoU: 69.35%
2024-10-16 21:52:28,628 - Epoch 23/120, LR: 0.000797, Train Loss: 0.1736, Val Loss: 0.2228, Train mIoU: 72.26%, Val mIoU: 68.65%
2024-10-16 21:52:28,628 - Patience counter: 1/12
2024-10-16 22:03:24,789 - Epoch 24/120, LR: 0.000781, Train Loss: 0.1700, Val Loss: 0.2186, Train mIoU: 72.68%, Val mIoU: 69.54%
2024-10-16 22:03:24,790 - Patience counter: 2/12
2024-10-16 22:14:21,112 - Epoch 25/120, LR: 0.000766, Train Loss: 0.1678, Val Loss: 0.2273, Train mIoU: 72.66%, Val mIoU: 69.24%
2024-10-16 22:14:21,113 - Patience counter: 3/12
2024-10-16 22:25:19,235 - Epoch 26/120, LR: 0.000750, Train Loss: 0.1666, Val Loss: 0.2148, Train mIoU: 72.88%, Val mIoU: 70.52%
2024-10-16 22:25:19,235 - Patience counter: 4/12
2024-10-16 22:36:08,819 - Epoch 27/120, LR: 0.000734, Train Loss: 0.1603, Val Loss: 0.2211, Train mIoU: 73.58%, Val mIoU: 69.87%
2024-10-16 22:36:08,820 - Patience counter: 5/12
2024-10-16 22:47:01,347 - Epoch 28/120, LR: 0.000719, Train Loss: 0.1561, Val Loss: 0.2198, Train mIoU: 73.95%, Val mIoU: 70.79%
2024-10-16 22:47:01,348 - Patience counter: 6/12
2024-10-16 22:58:01,324 - Epoch 29/120, LR: 0.000703, Train Loss: 0.1565, Val Loss: 0.2145, Train mIoU: 73.84%, Val mIoU: 69.96%
2024-10-16 22:58:01,343 - Model saved at epoch 29, with val loss: 0.2145, val mIoU: 69.96%
2024-10-16 23:08:59,461 - Epoch 30/120, LR: 0.000688, Train Loss: 0.1545, Val Loss: 0.2132, Train mIoU: 74.08%, Val mIoU: 70.34%
2024-10-16 23:08:59,480 - Model saved at epoch 30, with val loss: 0.2132, val mIoU: 70.34%
2024-10-16 23:20:00,080 - Epoch 31/120, LR: 0.000673, Train Loss: 0.1514, Val Loss: 0.2167, Train mIoU: 74.50%, Val mIoU: 70.87%
2024-10-16 23:20:00,081 - Patience counter: 1/12
2024-10-16 23:31:04,002 - Epoch 32/120, LR: 0.000658, Train Loss: 0.1469, Val Loss: 0.2203, Train mIoU: 74.77%, Val mIoU: 70.89%
2024-10-16 23:31:04,002 - Patience counter: 2/12
2024-10-16 23:42:08,141 - Epoch 33/120, LR: 0.000644, Train Loss: 0.1463, Val Loss: 0.2216, Train mIoU: 75.15%, Val mIoU: 70.53%
2024-10-16 23:42:08,142 - Patience counter: 3/12
2024-10-16 23:52:47,931 - Epoch 34/120, LR: 0.000630, Train Loss: 0.1471, Val Loss: 0.2421, Train mIoU: 74.96%, Val mIoU: 69.16%
2024-10-16 23:52:47,931 - Patience counter: 4/12
2024-10-17 00:03:22,021 - Epoch 35/120, LR: 0.000616, Train Loss: 0.1413, Val Loss: 0.2134, Train mIoU: 75.44%, Val mIoU: 71.65%
2024-10-17 00:03:22,021 - Patience counter: 5/12
2024-10-17 00:14:16,881 - Epoch 36/120, LR: 0.000603, Train Loss: 0.1389, Val Loss: 0.2108, Train mIoU: 75.93%, Val mIoU: 70.95%
2024-10-17 00:14:16,901 - Model saved at epoch 36, with val loss: 0.2108, val mIoU: 70.95%
2024-10-17 00:25:26,949 - Epoch 37/120, LR: 0.000591, Train Loss: 0.1363, Val Loss: 0.2302, Train mIoU: 75.89%, Val mIoU: 70.57%
2024-10-17 00:25:26,950 - Patience counter: 1/12
2024-10-17 00:36:27,980 - Epoch 38/120, LR: 0.000579, Train Loss: 0.1366, Val Loss: 0.2182, Train mIoU: 75.93%, Val mIoU: 70.75%
2024-10-17 00:36:27,981 - Patience counter: 2/12
2024-10-17 00:47:37,116 - Epoch 39/120, LR: 0.000568, Train Loss: 0.1322, Val Loss: 0.2262, Train mIoU: 76.58%, Val mIoU: 70.55%
2024-10-17 00:47:37,117 - Patience counter: 3/12
2024-10-17 00:58:38,150 - Epoch 40/120, LR: 0.000557, Train Loss: 0.1319, Val Loss: 0.2274, Train mIoU: 76.47%, Val mIoU: 71.08%
2024-10-17 00:58:38,150 - Patience counter: 4/12
2024-10-17 01:09:28,023 - Epoch 41/120, LR: 0.000548, Train Loss: 0.1306, Val Loss: 0.2253, Train mIoU: 76.48%, Val mIoU: 71.41%
2024-10-17 01:09:28,024 - Patience counter: 5/12
2024-10-17 01:20:20,132 - Epoch 42/120, LR: 0.000539, Train Loss: 0.1285, Val Loss: 0.2194, Train mIoU: 77.01%, Val mIoU: 70.70%
2024-10-17 01:20:20,133 - Patience counter: 6/12
2024-10-17 01:31:12,453 - Epoch 43/120, LR: 0.000531, Train Loss: 0.1275, Val Loss: 0.2249, Train mIoU: 76.91%, Val mIoU: 71.40%
2024-10-17 01:31:12,453 - Patience counter: 7/12
2024-10-17 01:42:04,896 - Epoch 44/120, LR: 0.000524, Train Loss: 0.1264, Val Loss: 0.2188, Train mIoU: 77.28%, Val mIoU: 71.75%
2024-10-17 01:42:04,896 - Patience counter: 8/12
2024-10-17 01:52:50,941 - Epoch 45/120, LR: 0.000518, Train Loss: 0.1239, Val Loss: 0.2282, Train mIoU: 77.52%, Val mIoU: 70.82%
2024-10-17 01:52:50,941 - Patience counter: 9/12
2024-10-17 02:03:44,070 - Epoch 46/120, LR: 0.000512, Train Loss: 0.1227, Val Loss: 0.2413, Train mIoU: 78.02%, Val mIoU: 70.45%
2024-10-17 02:03:44,071 - Patience counter: 10/12
2024-10-17 02:14:51,661 - Epoch 47/120, LR: 0.000508, Train Loss: 0.1207, Val Loss: 0.2347, Train mIoU: 77.98%, Val mIoU: 71.00%
2024-10-17 02:14:51,662 - Patience counter: 11/12
2024-10-17 02:25:57,586 - Epoch 48/120, LR: 0.000504, Train Loss: 0.1201, Val Loss: 0.2295, Train mIoU: 78.08%, Val mIoU: 71.37%
2024-10-17 02:25:57,587 - Patience counter: 12/12
2024-10-17 02:25:57,587 - Patience reached at epoch 48, switching optimiser...
2024-10-17 02:25:57,612 - Switched to SGD optimiser with learning rate: 0.0200
2024-10-17 02:25:57,613 - Scheduler reset after switching to SGD optimizer.
2024-10-17 02:36:28,850 - Epoch 49/120, LR: 0.020000, Train Loss: 0.1283, Val Loss: 0.2070, Train mIoU: 76.84%, Val mIoU: 71.38%
2024-10-17 02:36:28,870 - Model saved at epoch 49, with val loss: 0.2070, val mIoU: 71.38%
2024-10-17 02:47:01,791 - Epoch 50/120, LR: 0.019990, Train Loss: 0.1255, Val Loss: 0.2093, Train mIoU: 77.09%, Val mIoU: 71.40%
2024-10-17 02:47:01,791 - Patience counter: 1/12
2024-10-17 02:57:36,552 - Epoch 51/120, LR: 0.019961, Train Loss: 0.1240, Val Loss: 0.2095, Train mIoU: 77.35%, Val mIoU: 71.49%
2024-10-17 02:57:36,553 - Patience counter: 2/12
2024-10-17 03:08:04,691 - Epoch 52/120, LR: 0.019911, Train Loss: 0.1233, Val Loss: 0.2088, Train mIoU: 77.37%, Val mIoU: 71.58%
2024-10-17 03:08:04,692 - Patience counter: 3/12
2024-10-17 03:18:44,163 - Epoch 53/120, LR: 0.019843, Train Loss: 0.1226, Val Loss: 0.2098, Train mIoU: 77.56%, Val mIoU: 71.62%
2024-10-17 03:18:44,164 - Patience counter: 4/12
2024-10-17 03:29:27,866 - Epoch 54/120, LR: 0.019755, Train Loss: 0.1219, Val Loss: 0.2120, Train mIoU: 77.59%, Val mIoU: 71.58%
2024-10-17 03:29:27,866 - Patience counter: 5/12
2024-10-17 03:39:59,014 - Epoch 55/120, LR: 0.019649, Train Loss: 0.1217, Val Loss: 0.2114, Train mIoU: 77.56%, Val mIoU: 71.62%
2024-10-17 03:39:59,014 - Patience counter: 6/12
2024-10-17 03:50:29,657 - Epoch 56/120, LR: 0.019524, Train Loss: 0.1218, Val Loss: 0.2109, Train mIoU: 77.67%, Val mIoU: 71.64%
2024-10-17 03:50:29,657 - Patience counter: 7/12
2024-10-17 04:01:04,444 - Epoch 57/120, LR: 0.019382, Train Loss: 0.1214, Val Loss: 0.2118, Train mIoU: 77.63%, Val mIoU: 71.72%
2024-10-17 04:01:04,445 - Patience counter: 8/12
2024-10-17 04:11:46,342 - Epoch 58/120, LR: 0.019222, Train Loss: 0.1211, Val Loss: 0.2126, Train mIoU: 77.83%, Val mIoU: 71.72%
2024-10-17 04:11:46,343 - Patience counter: 9/12
2024-10-17 04:22:16,949 - Epoch 59/120, LR: 0.019045, Train Loss: 0.1209, Val Loss: 0.2119, Train mIoU: 77.70%, Val mIoU: 71.70%
2024-10-17 04:22:16,950 - Patience counter: 10/12
2024-10-17 04:33:08,645 - Epoch 60/120, LR: 0.018853, Train Loss: 0.1204, Val Loss: 0.2136, Train mIoU: 77.88%, Val mIoU: 71.78%
2024-10-17 04:33:08,646 - Patience counter: 11/12
2024-10-17 04:44:03,481 - Epoch 61/120, LR: 0.018645, Train Loss: 0.1205, Val Loss: 0.2120, Train mIoU: 77.84%, Val mIoU: 71.72%
2024-10-17 04:44:03,481 - Patience counter: 12/12
2024-10-17 04:44:03,481 - Patience reached at epoch 61, switching optimiser...
2024-10-17 04:44:03,506 - Switched to SGD optimiser with learning rate: 0.0100
2024-10-17 04:44:03,506 - Scheduler reset after switching to SGD optimizer.
2024-10-17 04:54:50,291 - Epoch 62/120, LR: 0.010000, Train Loss: 0.1261, Val Loss: 0.2085, Train mIoU: 77.09%, Val mIoU: 71.51%
2024-10-17 04:54:50,292 - Patience counter: 1/12
2024-10-17 05:05:20,072 - Epoch 63/120, LR: 0.009995, Train Loss: 0.1247, Val Loss: 0.2093, Train mIoU: 77.20%, Val mIoU: 71.60%
2024-10-17 05:05:20,072 - Patience counter: 2/12
2024-10-17 05:15:52,852 - Epoch 64/120, LR: 0.009980, Train Loss: 0.1243, Val Loss: 0.2087, Train mIoU: 77.30%, Val mIoU: 71.47%
2024-10-17 05:15:52,853 - Patience counter: 3/12
2024-10-17 05:26:20,012 - Epoch 65/120, LR: 0.009956, Train Loss: 0.1237, Val Loss: 0.2100, Train mIoU: 77.44%, Val mIoU: 71.44%
2024-10-17 05:26:20,012 - Patience counter: 4/12
2024-10-17 05:36:57,009 - Epoch 66/120, LR: 0.009921, Train Loss: 0.1235, Val Loss: 0.2110, Train mIoU: 77.49%, Val mIoU: 71.59%
2024-10-17 05:36:57,009 - Patience counter: 5/12
2024-10-17 05:47:32,780 - Epoch 67/120, LR: 0.009878, Train Loss: 0.1231, Val Loss: 0.2093, Train mIoU: 77.44%, Val mIoU: 71.60%
2024-10-17 05:47:32,781 - Patience counter: 6/12
2024-10-17 05:58:03,611 - Epoch 68/120, LR: 0.009824, Train Loss: 0.1229, Val Loss: 0.2106, Train mIoU: 77.54%, Val mIoU: 71.66%
2024-10-17 05:58:03,611 - Patience counter: 7/12
2024-10-17 06:08:44,642 - Epoch 69/120, LR: 0.009762, Train Loss: 0.1225, Val Loss: 0.2091, Train mIoU: 77.53%, Val mIoU: 71.64%
2024-10-17 06:08:44,643 - Patience counter: 8/12
2024-10-17 06:19:14,049 - Epoch 70/120, LR: 0.009691, Train Loss: 0.1220, Val Loss: 0.2110, Train mIoU: 77.58%, Val mIoU: 71.78%
2024-10-17 06:19:14,050 - Patience counter: 9/12
2024-10-17 06:29:48,637 - Epoch 71/120, LR: 0.009611, Train Loss: 0.1222, Val Loss: 0.2111, Train mIoU: 77.58%, Val mIoU: 71.68%
2024-10-17 06:29:48,637 - Patience counter: 10/12
2024-10-17 06:40:18,357 - Epoch 72/120, LR: 0.009523, Train Loss: 0.1219, Val Loss: 0.2104, Train mIoU: 77.72%, Val mIoU: 71.78%
2024-10-17 06:40:18,358 - Patience counter: 11/12
2024-10-17 06:50:47,420 - Epoch 73/120, LR: 0.009426, Train Loss: 0.1215, Val Loss: 0.2120, Train mIoU: 77.68%, Val mIoU: 71.57%
2024-10-17 06:50:47,420 - Patience counter: 12/12
2024-10-17 06:50:47,420 - Patience reached at epoch 73, switching optimiser...
2024-10-17 06:50:47,445 - Switched to SGD optimiser with learning rate: 0.0050
2024-10-17 06:50:47,445 - Scheduler reset after switching to SGD optimizer.
2024-10-17 07:01:22,951 - Epoch 74/120, LR: 0.005000, Train Loss: 0.1254, Val Loss: 0.2082, Train mIoU: 77.17%, Val mIoU: 71.35%
2024-10-17 07:01:22,952 - Patience counter: 1/12
2024-10-17 07:12:03,138 - Epoch 75/120, LR: 0.004998, Train Loss: 0.1248, Val Loss: 0.2091, Train mIoU: 77.25%, Val mIoU: 71.56%
2024-10-17 07:12:03,139 - Patience counter: 2/12
2024-10-17 07:22:32,655 - Epoch 76/120, LR: 0.004990, Train Loss: 0.1247, Val Loss: 0.2086, Train mIoU: 77.23%, Val mIoU: 71.51%
2024-10-17 07:22:32,655 - Patience counter: 3/12
2024-10-17 07:33:24,184 - Epoch 77/120, LR: 0.004978, Train Loss: 0.1242, Val Loss: 0.2081, Train mIoU: 77.38%, Val mIoU: 71.49%
2024-10-17 07:33:24,184 - Patience counter: 4/12
2024-10-17 07:43:58,616 - Epoch 78/120, LR: 0.004961, Train Loss: 0.1241, Val Loss: 0.2090, Train mIoU: 77.26%, Val mIoU: 71.47%
2024-10-17 07:43:58,616 - Patience counter: 5/12
2024-10-17 07:54:38,955 - Epoch 79/120, LR: 0.004939, Train Loss: 0.1240, Val Loss: 0.2091, Train mIoU: 77.28%, Val mIoU: 71.53%
2024-10-17 07:54:38,956 - Patience counter: 6/12
2024-10-17 08:05:01,754 - Epoch 80/120, LR: 0.004912, Train Loss: 0.1237, Val Loss: 0.2096, Train mIoU: 77.30%, Val mIoU: 71.54%
2024-10-17 08:05:01,754 - Patience counter: 7/12
2024-10-17 08:15:34,952 - Epoch 81/120, LR: 0.004881, Train Loss: 0.1235, Val Loss: 0.2115, Train mIoU: 77.34%, Val mIoU: 71.59%
2024-10-17 08:15:34,953 - Patience counter: 8/12
2024-10-17 08:26:17,958 - Epoch 82/120, LR: 0.004845, Train Loss: 0.1233, Val Loss: 0.2111, Train mIoU: 77.48%, Val mIoU: 71.55%
2024-10-17 08:26:17,959 - Patience counter: 9/12
2024-10-17 08:36:49,772 - Epoch 83/120, LR: 0.004805, Train Loss: 0.1230, Val Loss: 0.2090, Train mIoU: 77.42%, Val mIoU: 71.51%
2024-10-17 08:36:49,772 - Patience counter: 10/12
2024-10-17 08:47:29,518 - Epoch 84/120, LR: 0.004761, Train Loss: 0.1228, Val Loss: 0.2110, Train mIoU: 77.52%, Val mIoU: 71.46%
2024-10-17 08:47:29,519 - Patience counter: 11/12
2024-10-17 08:57:59,220 - Epoch 85/120, LR: 0.004713, Train Loss: 0.1229, Val Loss: 0.2096, Train mIoU: 77.50%, Val mIoU: 71.52%
2024-10-17 08:57:59,220 - Patience counter: 12/12
2024-10-17 08:57:59,220 - Patience reached at epoch 85, switching optimiser...
2024-10-17 08:57:59,243 - SGD learning rate has dropped below the minimum threshold, stopping training.
2024-10-17 08:57:59,265 - Training finished. Best model loaded with val loss: 0.2070
2024-10-17 08:57:59,281 - Losses and mIoU saved to Segformer_lr_dynamic_batch_2_standard_scale_[1.0, 1.1]_colour_0.25_blur_0.03_convup_weightedloss_wd_1e-7_losses.csv
2024-10-17 08:57:59,427 - Loss and mIoU curve figure saved to Segformer_lr_dynamic_batch_2_standard_scale_[1.0, 1.1]_colour_0.25_blur_0.03_convup_weightedloss_wd_1e-7_losses.png
